2024-12-28T12:57:09.196+06:00  INFO 42232 --- [portfolio-backend] [restartedMain] c.m.p.PortfolioBackendApplication        : Starting PortfolioBackendApplication using Java 21.0.2 with PID 42232 (C:\portfolio-backend\target\classes started by 1000002085 in C:\portfolio-backend)
2024-12-28T12:57:09.198+06:00 DEBUG 42232 --- [portfolio-backend] [restartedMain] c.m.p.PortfolioBackendApplication        : Running with Spring Boot v3.4.1, Spring v6.2.1
2024-12-28T12:57:09.199+06:00  INFO 42232 --- [portfolio-backend] [restartedMain] c.m.p.PortfolioBackendApplication        : No active profile set, falling back to 1 default profile: "default"
2024-12-28T12:57:09.250+06:00  INFO 42232 --- [portfolio-backend] [restartedMain] .e.DevToolsPropertyDefaultsPostProcessor : Devtools property defaults active! Set 'spring.devtools.add-properties' to 'false' to disable
2024-12-28T12:57:09.251+06:00  INFO 42232 --- [portfolio-backend] [restartedMain] .e.DevToolsPropertyDefaultsPostProcessor : For additional web related logging consider setting the 'logging.level.web' property to 'DEBUG'
2024-12-28T12:57:09.886+06:00  INFO 42232 --- [portfolio-backend] [restartedMain] .s.d.r.c.RepositoryConfigurationDelegate : Bootstrapping Spring Data JPA repositories in DEFAULT mode.
2024-12-28T12:57:09.933+06:00  INFO 42232 --- [portfolio-backend] [restartedMain] .s.d.r.c.RepositoryConfigurationDelegate : Finished Spring Data repository scanning in 37 ms. Found 1 JPA repository interface.
2024-12-28T12:57:10.464+06:00  INFO 42232 --- [portfolio-backend] [restartedMain] o.s.b.w.embedded.tomcat.TomcatWebServer  : Tomcat initialized with port 8080 (http)
2024-12-28T12:57:10.475+06:00  INFO 42232 --- [portfolio-backend] [restartedMain] o.apache.catalina.core.StandardService   : Starting service [Tomcat]
2024-12-28T12:57:10.476+06:00  INFO 42232 --- [portfolio-backend] [restartedMain] o.apache.catalina.core.StandardEngine    : Starting Servlet engine: [Apache Tomcat/10.1.34]
2024-12-28T12:57:10.521+06:00  INFO 42232 --- [portfolio-backend] [restartedMain] o.a.c.c.C.[Tomcat].[localhost].[/]       : Initializing Spring embedded WebApplicationContext
2024-12-28T12:57:10.521+06:00  INFO 42232 --- [portfolio-backend] [restartedMain] w.s.c.ServletWebServerApplicationContext : Root WebApplicationContext: initialization completed in 1269 ms
2024-12-28T12:57:10.666+06:00  INFO 42232 --- [portfolio-backend] [restartedMain] o.hibernate.jpa.internal.util.LogHelper  : HHH000204: Processing PersistenceUnitInfo [name: default]
2024-12-28T12:57:10.747+06:00  INFO 42232 --- [portfolio-backend] [restartedMain] org.hibernate.Version                    : HHH000412: Hibernate ORM core version 6.6.4.Final
2024-12-28T12:57:10.783+06:00  INFO 42232 --- [portfolio-backend] [restartedMain] o.h.c.internal.RegionFactoryInitiator    : HHH000026: Second-level cache disabled
2024-12-28T12:57:11.044+06:00  INFO 42232 --- [portfolio-backend] [restartedMain] o.s.o.j.p.SpringPersistenceUnitInfo      : No LoadTimeWeaver setup: ignoring JPA class transformer
2024-12-28T12:57:11.071+06:00  INFO 42232 --- [portfolio-backend] [restartedMain] com.zaxxer.hikari.HikariDataSource       : HikariPool-1 - Starting...
2024-12-28T12:57:11.410+06:00  INFO 42232 --- [portfolio-backend] [restartedMain] com.zaxxer.hikari.pool.HikariPool        : HikariPool-1 - Added connection com.mysql.cj.jdbc.ConnectionImpl@6260c41f
2024-12-28T12:57:11.412+06:00  INFO 42232 --- [portfolio-backend] [restartedMain] com.zaxxer.hikari.HikariDataSource       : HikariPool-1 - Start completed.
2024-12-28T12:57:11.482+06:00  INFO 42232 --- [portfolio-backend] [restartedMain] org.hibernate.orm.connections.pooling    : HHH10001005: Database info:
	Database JDBC URL [Connecting through datasource 'HikariDataSource (HikariPool-1)']
	Database driver: undefined/unknown
	Database version: 9.1
	Autocommit mode: undefined/unknown
	Isolation level: undefined/unknown
	Minimum pool size: undefined/unknown
	Maximum pool size: undefined/unknown
2024-12-28T12:57:12.178+06:00  INFO 42232 --- [portfolio-backend] [restartedMain] o.h.e.t.j.p.i.JtaPlatformInitiator       : HHH000489: No JTA platform available (set 'hibernate.transaction.jta.platform' to enable JTA platform integration)
2024-12-28T12:57:12.258+06:00  INFO 42232 --- [portfolio-backend] [restartedMain] j.LocalContainerEntityManagerFactoryBean : Initialized JPA EntityManagerFactory for persistence unit 'default'
2024-12-28T12:57:12.475+06:00  WARN 42232 --- [portfolio-backend] [restartedMain] JpaBaseConfiguration$JpaWebConfiguration : spring.jpa.open-in-view is enabled by default. Therefore, database queries may be performed during view rendering. Explicitly configure spring.jpa.open-in-view to disable this warning
2024-12-28T12:57:12.765+06:00  WARN 42232 --- [portfolio-backend] [restartedMain] .s.s.UserDetailsServiceAutoConfiguration : 

Using generated security password: b914daa4-f0db-4d5a-9798-99278b80347c

This generated password is for development use only. Your security configuration must be updated before running your application in production.

2024-12-28T12:57:12.779+06:00  INFO 42232 --- [portfolio-backend] [restartedMain] r$InitializeUserDetailsManagerConfigurer : Global AuthenticationManager configured with UserDetailsService bean with name inMemoryUserDetailsManager
2024-12-28T12:57:12.916+06:00  INFO 42232 --- [portfolio-backend] [restartedMain] o.s.b.d.a.OptionalLiveReloadServer       : LiveReload server is running on port 35729
2024-12-28T12:57:12.945+06:00  INFO 42232 --- [portfolio-backend] [restartedMain] o.s.b.w.embedded.tomcat.TomcatWebServer  : Tomcat started on port 8080 (http) with context path '/'
2024-12-28T12:57:12.951+06:00  INFO 42232 --- [portfolio-backend] [restartedMain] c.m.p.PortfolioBackendApplication        : Started PortfolioBackendApplication in 4.137 seconds (process running for 4.813)
2024-12-28T12:57:51.900+06:00  INFO 42232 --- [portfolio-backend] [File Watcher] rtingClassPathChangeChangedEventListener : Restarting due to 5 class path changes (0 additions, 4 deletions, 1 modification)
2024-12-28T12:57:51.905+06:00  INFO 42232 --- [portfolio-backend] [Thread-5] o.s.b.w.e.tomcat.GracefulShutdown        : Commencing graceful shutdown. Waiting for active requests to complete
2024-12-28T12:57:51.925+06:00  INFO 42232 --- [portfolio-backend] [tomcat-shutdown] o.s.b.w.e.tomcat.GracefulShutdown        : Graceful shutdown complete
2024-12-28T12:57:51.929+06:00  INFO 42232 --- [portfolio-backend] [Thread-5] j.LocalContainerEntityManagerFactoryBean : Closing JPA EntityManagerFactory for persistence unit 'default'
2024-12-28T12:57:51.933+06:00  INFO 42232 --- [portfolio-backend] [Thread-5] com.zaxxer.hikari.HikariDataSource       : HikariPool-1 - Shutdown initiated...
2024-12-28T12:57:51.945+06:00  INFO 42232 --- [portfolio-backend] [Thread-5] com.zaxxer.hikari.HikariDataSource       : HikariPool-1 - Shutdown completed.
2024-12-28T12:57:52.081+06:00  INFO 42232 --- [portfolio-backend] [restartedMain] c.m.p.PortfolioBackendApplication        : Starting PortfolioBackendApplication using Java 21.0.2 with PID 42232 (C:\portfolio-backend\target\classes started by 1000002085 in C:\portfolio-backend)
2024-12-28T12:57:52.081+06:00 DEBUG 42232 --- [portfolio-backend] [restartedMain] c.m.p.PortfolioBackendApplication        : Running with Spring Boot v3.4.1, Spring v6.2.1
2024-12-28T12:57:52.081+06:00  INFO 42232 --- [portfolio-backend] [restartedMain] c.m.p.PortfolioBackendApplication        : No active profile set, falling back to 1 default profile: "default"
2024-12-28T12:57:52.711+06:00  INFO 42232 --- [portfolio-backend] [restartedMain] .s.d.r.c.RepositoryConfigurationDelegate : Bootstrapping Spring Data JPA repositories in DEFAULT mode.
2024-12-28T12:57:52.732+06:00  INFO 42232 --- [portfolio-backend] [restartedMain] .s.d.r.c.RepositoryConfigurationDelegate : Finished Spring Data repository scanning in 19 ms. Found 1 JPA repository interface.
2024-12-28T12:57:52.965+06:00  INFO 42232 --- [portfolio-backend] [restartedMain] o.s.b.w.embedded.tomcat.TomcatWebServer  : Tomcat initialized with port 8080 (http)
2024-12-28T12:57:52.966+06:00  INFO 42232 --- [portfolio-backend] [restartedMain] o.apache.catalina.core.StandardService   : Starting service [Tomcat]
2024-12-28T12:57:52.966+06:00  INFO 42232 --- [portfolio-backend] [restartedMain] o.apache.catalina.core.StandardEngine    : Starting Servlet engine: [Apache Tomcat/10.1.34]
2024-12-28T12:57:52.993+06:00  INFO 42232 --- [portfolio-backend] [restartedMain] o.a.c.c.C.[Tomcat].[localhost].[/]       : Initializing Spring embedded WebApplicationContext
2024-12-28T12:57:52.994+06:00  INFO 42232 --- [portfolio-backend] [restartedMain] w.s.c.ServletWebServerApplicationContext : Root WebApplicationContext: initialization completed in 909 ms
2024-12-28T12:57:53.034+06:00  INFO 42232 --- [portfolio-backend] [restartedMain] o.hibernate.jpa.internal.util.LogHelper  : HHH000204: Processing PersistenceUnitInfo [name: default]
2024-12-28T12:57:53.038+06:00  INFO 42232 --- [portfolio-backend] [restartedMain] o.h.c.internal.RegionFactoryInitiator    : HHH000026: Second-level cache disabled
2024-12-28T12:57:53.049+06:00  INFO 42232 --- [portfolio-backend] [restartedMain] o.s.o.j.p.SpringPersistenceUnitInfo      : No LoadTimeWeaver setup: ignoring JPA class transformer
2024-12-28T12:57:53.050+06:00  INFO 42232 --- [portfolio-backend] [restartedMain] com.zaxxer.hikari.HikariDataSource       : HikariPool-2 - Starting...
2024-12-28T12:57:53.065+06:00  INFO 42232 --- [portfolio-backend] [restartedMain] com.zaxxer.hikari.pool.HikariPool        : HikariPool-2 - Added connection com.mysql.cj.jdbc.ConnectionImpl@630a3567
2024-12-28T12:57:53.066+06:00  INFO 42232 --- [portfolio-backend] [restartedMain] com.zaxxer.hikari.HikariDataSource       : HikariPool-2 - Start completed.
2024-12-28T12:57:53.068+06:00  INFO 42232 --- [portfolio-backend] [restartedMain] org.hibernate.orm.connections.pooling    : HHH10001005: Database info:
	Database JDBC URL [Connecting through datasource 'HikariDataSource (HikariPool-2)']
	Database driver: undefined/unknown
	Database version: 9.1
	Autocommit mode: undefined/unknown
	Isolation level: undefined/unknown
	Minimum pool size: undefined/unknown
	Maximum pool size: undefined/unknown
2024-12-28T12:57:53.102+06:00  INFO 42232 --- [portfolio-backend] [restartedMain] o.h.e.t.j.p.i.JtaPlatformInitiator       : HHH000489: No JTA platform available (set 'hibernate.transaction.jta.platform' to enable JTA platform integration)
2024-12-28T12:57:53.109+06:00  INFO 42232 --- [portfolio-backend] [restartedMain] j.LocalContainerEntityManagerFactoryBean : Initialized JPA EntityManagerFactory for persistence unit 'default'
2024-12-28T12:57:53.173+06:00  WARN 42232 --- [portfolio-backend] [restartedMain] JpaBaseConfiguration$JpaWebConfiguration : spring.jpa.open-in-view is enabled by default. Therefore, database queries may be performed during view rendering. Explicitly configure spring.jpa.open-in-view to disable this warning
2024-12-28T12:57:53.268+06:00  WARN 42232 --- [portfolio-backend] [restartedMain] .s.s.UserDetailsServiceAutoConfiguration : 

Using generated security password: 3105bfe3-4614-4aea-a341-d1fbe2a1cb27

This generated password is for development use only. Your security configuration must be updated before running your application in production.

2024-12-28T12:57:53.269+06:00  INFO 42232 --- [portfolio-backend] [restartedMain] r$InitializeUserDetailsManagerConfigurer : Global AuthenticationManager configured with UserDetailsService bean with name inMemoryUserDetailsManager
2024-12-28T12:57:53.293+06:00  INFO 42232 --- [portfolio-backend] [restartedMain] o.s.b.d.a.OptionalLiveReloadServer       : LiveReload server is running on port 35729
2024-12-28T12:57:53.303+06:00  INFO 42232 --- [portfolio-backend] [restartedMain] o.s.b.w.embedded.tomcat.TomcatWebServer  : Tomcat started on port 8080 (http) with context path '/'
2024-12-28T12:57:53.306+06:00  INFO 42232 --- [portfolio-backend] [restartedMain] c.m.p.PortfolioBackendApplication        : Started PortfolioBackendApplication in 1.276 seconds (process running for 45.167)
2024-12-28T12:57:53.307+06:00  INFO 42232 --- [portfolio-backend] [restartedMain] .ConditionEvaluationDeltaLoggingListener : Condition evaluation unchanged
2024-12-28T12:57:54.724+06:00  INFO 42232 --- [portfolio-backend] [File Watcher] rtingClassPathChangeChangedEventListener : Restarting due to 4 class path changes (4 additions, 0 deletions, 0 modifications)
2024-12-28T12:57:54.726+06:00  INFO 42232 --- [portfolio-backend] [Thread-7] o.s.b.w.e.tomcat.GracefulShutdown        : Commencing graceful shutdown. Waiting for active requests to complete
2024-12-28T12:57:54.743+06:00  INFO 42232 --- [portfolio-backend] [tomcat-shutdown] o.s.b.w.e.tomcat.GracefulShutdown        : Graceful shutdown complete
2024-12-28T12:57:54.746+06:00  INFO 42232 --- [portfolio-backend] [Thread-7] j.LocalContainerEntityManagerFactoryBean : Closing JPA EntityManagerFactory for persistence unit 'default'
2024-12-28T12:57:54.746+06:00  INFO 42232 --- [portfolio-backend] [Thread-7] com.zaxxer.hikari.HikariDataSource       : HikariPool-2 - Shutdown initiated...
2024-12-28T12:57:54.751+06:00  INFO 42232 --- [portfolio-backend] [Thread-7] com.zaxxer.hikari.HikariDataSource       : HikariPool-2 - Shutdown completed.
2024-12-28T12:57:54.829+06:00  INFO 42232 --- [portfolio-backend] [restartedMain] c.m.p.PortfolioBackendApplication        : Starting PortfolioBackendApplication using Java 21.0.2 with PID 42232 (C:\portfolio-backend\target\classes started by 1000002085 in C:\portfolio-backend)
2024-12-28T12:57:54.829+06:00 DEBUG 42232 --- [portfolio-backend] [restartedMain] c.m.p.PortfolioBackendApplication        : Running with Spring Boot v3.4.1, Spring v6.2.1
2024-12-28T12:57:54.829+06:00  INFO 42232 --- [portfolio-backend] [restartedMain] c.m.p.PortfolioBackendApplication        : No active profile set, falling back to 1 default profile: "default"
2024-12-28T12:57:54.972+06:00  INFO 42232 --- [portfolio-backend] [restartedMain] .s.d.r.c.RepositoryConfigurationDelegate : Bootstrapping Spring Data JPA repositories in DEFAULT mode.
2024-12-28T12:57:54.979+06:00  INFO 42232 --- [portfolio-backend] [restartedMain] .s.d.r.c.RepositoryConfigurationDelegate : Finished Spring Data repository scanning in 5 ms. Found 1 JPA repository interface.
2024-12-28T12:57:55.059+06:00  INFO 42232 --- [portfolio-backend] [restartedMain] o.s.b.w.embedded.tomcat.TomcatWebServer  : Tomcat initialized with port 8080 (http)
2024-12-28T12:57:55.060+06:00  INFO 42232 --- [portfolio-backend] [restartedMain] o.apache.catalina.core.StandardService   : Starting service [Tomcat]
2024-12-28T12:57:55.060+06:00  INFO 42232 --- [portfolio-backend] [restartedMain] o.apache.catalina.core.StandardEngine    : Starting Servlet engine: [Apache Tomcat/10.1.34]
2024-12-28T12:57:55.076+06:00  INFO 42232 --- [portfolio-backend] [restartedMain] o.a.c.c.C.[Tomcat].[localhost].[/]       : Initializing Spring embedded WebApplicationContext
2024-12-28T12:57:55.076+06:00  INFO 42232 --- [portfolio-backend] [restartedMain] w.s.c.ServletWebServerApplicationContext : Root WebApplicationContext: initialization completed in 245 ms
2024-12-28T12:57:55.100+06:00  INFO 42232 --- [portfolio-backend] [restartedMain] o.hibernate.jpa.internal.util.LogHelper  : HHH000204: Processing PersistenceUnitInfo [name: default]
2024-12-28T12:57:55.101+06:00  INFO 42232 --- [portfolio-backend] [restartedMain] o.h.c.internal.RegionFactoryInitiator    : HHH000026: Second-level cache disabled
2024-12-28T12:57:55.109+06:00  INFO 42232 --- [portfolio-backend] [restartedMain] o.s.o.j.p.SpringPersistenceUnitInfo      : No LoadTimeWeaver setup: ignoring JPA class transformer
2024-12-28T12:57:55.109+06:00  INFO 42232 --- [portfolio-backend] [restartedMain] com.zaxxer.hikari.HikariDataSource       : HikariPool-3 - Starting...
2024-12-28T12:57:55.120+06:00  INFO 42232 --- [portfolio-backend] [restartedMain] com.zaxxer.hikari.pool.HikariPool        : HikariPool-3 - Added connection com.mysql.cj.jdbc.ConnectionImpl@7bf784c2
2024-12-28T12:57:55.120+06:00  INFO 42232 --- [portfolio-backend] [restartedMain] com.zaxxer.hikari.HikariDataSource       : HikariPool-3 - Start completed.
2024-12-28T12:57:55.122+06:00  INFO 42232 --- [portfolio-backend] [restartedMain] org.hibernate.orm.connections.pooling    : HHH10001005: Database info:
	Database JDBC URL [Connecting through datasource 'HikariDataSource (HikariPool-3)']
	Database driver: undefined/unknown
	Database version: 9.1
	Autocommit mode: undefined/unknown
	Isolation level: undefined/unknown
	Minimum pool size: undefined/unknown
	Maximum pool size: undefined/unknown
2024-12-28T12:57:55.150+06:00  INFO 42232 --- [portfolio-backend] [restartedMain] o.h.e.t.j.p.i.JtaPlatformInitiator       : HHH000489: No JTA platform available (set 'hibernate.transaction.jta.platform' to enable JTA platform integration)
2024-12-28T12:57:55.156+06:00  INFO 42232 --- [portfolio-backend] [restartedMain] j.LocalContainerEntityManagerFactoryBean : Initialized JPA EntityManagerFactory for persistence unit 'default'
2024-12-28T12:57:55.206+06:00  WARN 42232 --- [portfolio-backend] [restartedMain] JpaBaseConfiguration$JpaWebConfiguration : spring.jpa.open-in-view is enabled by default. Therefore, database queries may be performed during view rendering. Explicitly configure spring.jpa.open-in-view to disable this warning
2024-12-28T12:57:55.277+06:00  WARN 42232 --- [portfolio-backend] [restartedMain] .s.s.UserDetailsServiceAutoConfiguration : 

Using generated security password: 624edc8a-217b-4d9e-b00b-6ff33c770cf4

This generated password is for development use only. Your security configuration must be updated before running your application in production.

2024-12-28T12:57:55.278+06:00  INFO 42232 --- [portfolio-backend] [restartedMain] r$InitializeUserDetailsManagerConfigurer : Global AuthenticationManager configured with UserDetailsService bean with name inMemoryUserDetailsManager
2024-12-28T12:57:55.303+06:00  INFO 42232 --- [portfolio-backend] [restartedMain] o.s.b.d.a.OptionalLiveReloadServer       : LiveReload server is running on port 35729
2024-12-28T12:57:55.312+06:00  INFO 42232 --- [portfolio-backend] [restartedMain] o.s.b.w.embedded.tomcat.TomcatWebServer  : Tomcat started on port 8080 (http) with context path '/'
2024-12-28T12:57:55.314+06:00  INFO 42232 --- [portfolio-backend] [restartedMain] c.m.p.PortfolioBackendApplication        : Started PortfolioBackendApplication in 0.507 seconds (process running for 47.176)
2024-12-28T12:57:55.315+06:00  INFO 42232 --- [portfolio-backend] [restartedMain] .ConditionEvaluationDeltaLoggingListener : Condition evaluation unchanged
2024-12-28T12:58:28.212+06:00  INFO 42232 --- [portfolio-backend] [SpringApplicationShutdownHook] o.s.b.w.e.tomcat.GracefulShutdown        : Commencing graceful shutdown. Waiting for active requests to complete
2024-12-28T12:58:28.228+06:00  INFO 42232 --- [portfolio-backend] [tomcat-shutdown] o.s.b.w.e.tomcat.GracefulShutdown        : Graceful shutdown complete
2024-12-28T12:58:28.231+06:00  INFO 42232 --- [portfolio-backend] [SpringApplicationShutdownHook] j.LocalContainerEntityManagerFactoryBean : Closing JPA EntityManagerFactory for persistence unit 'default'
2024-12-28T12:58:28.232+06:00  INFO 42232 --- [portfolio-backend] [SpringApplicationShutdownHook] com.zaxxer.hikari.HikariDataSource       : HikariPool-3 - Shutdown initiated...
2024-12-28T12:58:28.238+06:00  INFO 42232 --- [portfolio-backend] [SpringApplicationShutdownHook] com.zaxxer.hikari.HikariDataSource       : HikariPool-3 - Shutdown completed.
2024-12-28T13:01:41.866+06:00  INFO 21200 --- [portfolio-backend] [restartedMain] c.m.p.PortfolioBackendApplication        : Starting PortfolioBackendApplication using Java 21.0.2 with PID 21200 (C:\portfolio-backend\target\classes started by 1000002085 in C:\portfolio-backend)
2024-12-28T13:01:41.868+06:00 DEBUG 21200 --- [portfolio-backend] [restartedMain] c.m.p.PortfolioBackendApplication        : Running with Spring Boot v3.4.1, Spring v6.2.1
2024-12-28T13:01:41.869+06:00  INFO 21200 --- [portfolio-backend] [restartedMain] c.m.p.PortfolioBackendApplication        : No active profile set, falling back to 1 default profile: "default"
2024-12-28T13:01:41.906+06:00  INFO 21200 --- [portfolio-backend] [restartedMain] .e.DevToolsPropertyDefaultsPostProcessor : Devtools property defaults active! Set 'spring.devtools.add-properties' to 'false' to disable
2024-12-28T13:01:41.906+06:00  INFO 21200 --- [portfolio-backend] [restartedMain] .e.DevToolsPropertyDefaultsPostProcessor : For additional web related logging consider setting the 'logging.level.web' property to 'DEBUG'
2024-12-28T13:01:42.463+06:00  INFO 21200 --- [portfolio-backend] [restartedMain] .s.d.r.c.RepositoryConfigurationDelegate : Bootstrapping Spring Data JPA repositories in DEFAULT mode.
2024-12-28T13:01:42.502+06:00  INFO 21200 --- [portfolio-backend] [restartedMain] .s.d.r.c.RepositoryConfigurationDelegate : Finished Spring Data repository scanning in 31 ms. Found 1 JPA repository interface.
2024-12-28T13:01:42.973+06:00  INFO 21200 --- [portfolio-backend] [restartedMain] o.s.b.w.embedded.tomcat.TomcatWebServer  : Tomcat initialized with port 8080 (http)
2024-12-28T13:01:42.984+06:00  INFO 21200 --- [portfolio-backend] [restartedMain] o.apache.catalina.core.StandardService   : Starting service [Tomcat]
2024-12-28T13:01:42.984+06:00  INFO 21200 --- [portfolio-backend] [restartedMain] o.apache.catalina.core.StandardEngine    : Starting Servlet engine: [Apache Tomcat/10.1.34]
2024-12-28T13:01:43.027+06:00  INFO 21200 --- [portfolio-backend] [restartedMain] o.a.c.c.C.[Tomcat].[localhost].[/]       : Initializing Spring embedded WebApplicationContext
2024-12-28T13:01:43.028+06:00  INFO 21200 --- [portfolio-backend] [restartedMain] w.s.c.ServletWebServerApplicationContext : Root WebApplicationContext: initialization completed in 1121 ms
2024-12-28T13:01:43.157+06:00  INFO 21200 --- [portfolio-backend] [restartedMain] o.hibernate.jpa.internal.util.LogHelper  : HHH000204: Processing PersistenceUnitInfo [name: default]
2024-12-28T13:01:43.209+06:00  INFO 21200 --- [portfolio-backend] [restartedMain] org.hibernate.Version                    : HHH000412: Hibernate ORM core version 6.6.4.Final
2024-12-28T13:01:43.235+06:00  INFO 21200 --- [portfolio-backend] [restartedMain] o.h.c.internal.RegionFactoryInitiator    : HHH000026: Second-level cache disabled
2024-12-28T13:01:43.440+06:00  INFO 21200 --- [portfolio-backend] [restartedMain] o.s.o.j.p.SpringPersistenceUnitInfo      : No LoadTimeWeaver setup: ignoring JPA class transformer
2024-12-28T13:01:43.461+06:00  INFO 21200 --- [portfolio-backend] [restartedMain] com.zaxxer.hikari.HikariDataSource       : HikariPool-1 - Starting...
2024-12-28T13:01:43.711+06:00  INFO 21200 --- [portfolio-backend] [restartedMain] com.zaxxer.hikari.pool.HikariPool        : HikariPool-1 - Added connection com.mysql.cj.jdbc.ConnectionImpl@26218d4
2024-12-28T13:01:43.713+06:00  INFO 21200 --- [portfolio-backend] [restartedMain] com.zaxxer.hikari.HikariDataSource       : HikariPool-1 - Start completed.
2024-12-28T13:01:43.775+06:00  INFO 21200 --- [portfolio-backend] [restartedMain] org.hibernate.orm.connections.pooling    : HHH10001005: Database info:
	Database JDBC URL [Connecting through datasource 'HikariDataSource (HikariPool-1)']
	Database driver: undefined/unknown
	Database version: 9.1
	Autocommit mode: undefined/unknown
	Isolation level: undefined/unknown
	Minimum pool size: undefined/unknown
	Maximum pool size: undefined/unknown
2024-12-28T13:01:44.396+06:00  INFO 21200 --- [portfolio-backend] [restartedMain] o.h.e.t.j.p.i.JtaPlatformInitiator       : HHH000489: No JTA platform available (set 'hibernate.transaction.jta.platform' to enable JTA platform integration)
2024-12-28T13:01:44.446+06:00  INFO 21200 --- [portfolio-backend] [restartedMain] j.LocalContainerEntityManagerFactoryBean : Initialized JPA EntityManagerFactory for persistence unit 'default'
2024-12-28T13:01:44.629+06:00  WARN 21200 --- [portfolio-backend] [restartedMain] JpaBaseConfiguration$JpaWebConfiguration : spring.jpa.open-in-view is enabled by default. Therefore, database queries may be performed during view rendering. Explicitly configure spring.jpa.open-in-view to disable this warning
2024-12-28T13:01:44.900+06:00  WARN 21200 --- [portfolio-backend] [restartedMain] .s.s.UserDetailsServiceAutoConfiguration : 

Using generated security password: ad264fcd-7c39-4d37-a4c8-97578af66a9b

This generated password is for development use only. Your security configuration must be updated before running your application in production.

2024-12-28T13:01:44.914+06:00  INFO 21200 --- [portfolio-backend] [restartedMain] r$InitializeUserDetailsManagerConfigurer : Global AuthenticationManager configured with UserDetailsService bean with name inMemoryUserDetailsManager
2024-12-28T13:01:45.035+06:00  INFO 21200 --- [portfolio-backend] [restartedMain] o.s.b.d.a.OptionalLiveReloadServer       : LiveReload server is running on port 35729
2024-12-28T13:01:45.069+06:00  INFO 21200 --- [portfolio-backend] [restartedMain] o.s.b.w.embedded.tomcat.TomcatWebServer  : Tomcat started on port 8080 (http) with context path '/'
2024-12-28T13:01:45.076+06:00  INFO 21200 --- [portfolio-backend] [restartedMain] c.m.p.PortfolioBackendApplication        : Started PortfolioBackendApplication in 3.55 seconds (process running for 4.13)
2024-12-28T13:02:04.311+06:00  INFO 21200 --- [portfolio-backend] [SpringApplicationShutdownHook] o.s.b.w.e.tomcat.GracefulShutdown        : Commencing graceful shutdown. Waiting for active requests to complete
2024-12-28T13:02:04.328+06:00  INFO 21200 --- [portfolio-backend] [tomcat-shutdown] o.s.b.w.e.tomcat.GracefulShutdown        : Graceful shutdown complete
2024-12-28T13:02:04.333+06:00  INFO 21200 --- [portfolio-backend] [SpringApplicationShutdownHook] j.LocalContainerEntityManagerFactoryBean : Closing JPA EntityManagerFactory for persistence unit 'default'
2024-12-28T13:02:04.336+06:00  INFO 21200 --- [portfolio-backend] [SpringApplicationShutdownHook] com.zaxxer.hikari.HikariDataSource       : HikariPool-1 - Shutdown initiated...
2024-12-28T13:02:04.343+06:00  INFO 21200 --- [portfolio-backend] [SpringApplicationShutdownHook] com.zaxxer.hikari.HikariDataSource       : HikariPool-1 - Shutdown completed.
